[2023-08-11 13:26:14:517][main] INFO  c.e.demo.RealProject9Application - Starting RealProject9Application using Java 17.0.7 with PID 11464 (C:\jeongguk\workspace_sts\Real_project9\bin\main started by user in C:\jeongguk\workspace_sts\Real_project9)
[2023-08-11 13:26:14:518][main] INFO  c.e.demo.RealProject9Application - No active profile set, falling back to 1 default profile: "default"
[2023-08-11 13:26:14:958][main] INFO  o.s.d.r.c.RepositoryConfigurationDelegate - Bootstrapping Spring Data JPA repositories in DEFAULT mode.
[2023-08-11 13:26:14:1003][main] INFO  o.s.d.r.c.RepositoryConfigurationDelegate - Finished Spring Data repository scanning in 39 ms. Found 1 JPA repository interfaces.
[2023-08-11 13:26:15:1385][main] INFO  o.s.b.w.e.tomcat.TomcatWebServer - Tomcat initialized with port(s): 8080 (http)
[2023-08-11 13:26:15:1391][main] INFO  o.a.coyote.http11.Http11NioProtocol - Initializing ProtocolHandler ["http-nio-8080"]
[2023-08-11 13:26:15:1393][main] INFO  o.a.catalina.core.StandardService - Starting service [Tomcat]
[2023-08-11 13:26:15:1393][main] INFO  o.a.catalina.core.StandardEngine - Starting Servlet engine: [Apache Tomcat/10.1.11]
[2023-08-11 13:26:15:1482][main] INFO  o.a.c.c.C.[Tomcat].[localhost].[/] - Initializing Spring embedded WebApplicationContext
[2023-08-11 13:26:15:1482][main] INFO  o.s.b.w.s.c.ServletWebServerApplicationContext - Root WebApplicationContext: initialization completed in 931 ms
[2023-08-11 13:26:15:1593][main] INFO  o.h.jpa.internal.util.LogHelper - HHH000204: Processing PersistenceUnitInfo [name: default]
[2023-08-11 13:26:15:1641][main] INFO  org.hibernate.Version - HHH000412: Hibernate ORM core version 6.2.6.Final
[2023-08-11 13:26:15:1642][main] INFO  org.hibernate.cfg.Environment - HHH000406: Using bytecode reflection optimizer
[2023-08-11 13:26:15:1764][main] INFO  o.h.b.i.BytecodeProviderInitiator - HHH000021: Bytecode provider name : bytebuddy
[2023-08-11 13:26:15:1888][main] INFO  o.s.o.j.p.SpringPersistenceUnitInfo - No LoadTimeWeaver setup: ignoring JPA class transformer
[2023-08-11 13:26:15:1902][main] INFO  com.zaxxer.hikari.HikariDataSource - HikariPool-1 - Starting...
[2023-08-11 13:26:15:1970][main] INFO  com.zaxxer.hikari.pool.HikariPool - HikariPool-1 - Added connection org.mariadb.jdbc.Connection@7d28cdcd
[2023-08-11 13:26:15:1972][main] INFO  com.zaxxer.hikari.HikariDataSource - HikariPool-1 - Start completed.
[2023-08-11 13:26:15:2181][main] INFO  o.h.b.i.BytecodeProviderInitiator - HHH000021: Bytecode provider name : bytebuddy
[2023-08-11 13:26:16:2693][main] INFO  o.h.e.t.j.p.i.JtaPlatformInitiator - HHH000490: Using JtaPlatform implementation: [org.hibernate.engine.transaction.jta.platform.internal.NoJtaPlatform]
[2023-08-11 13:26:16:2764][main] INFO  o.s.o.j.LocalContainerEntityManagerFactoryBean - Initialized JPA EntityManagerFactory for persistence unit 'default'
[2023-08-11 13:26:16:2959][main] INFO  o.s.d.j.r.q.QueryEnhancerFactory - Hibernate is in classpath; If applicable, HQL parser will be used.
[2023-08-11 13:26:17:3480][main] INFO  o.a.coyote.http11.Http11NioProtocol - Starting ProtocolHandler ["http-nio-8080"]
[2023-08-11 13:26:17:3499][main] INFO  o.s.b.w.e.tomcat.TomcatWebServer - Tomcat started on port(s): 8080 (http) with context path ''
[2023-08-11 13:26:17:3506][main] INFO  c.e.demo.RealProject9Application - Started RealProject9Application in 3.39 seconds (process running for 3.971)
[2023-08-11 13:26:32:19129][http-nio-8080-exec-1] INFO  o.a.c.c.C.[Tomcat].[localhost].[/] - Initializing Spring DispatcherServlet 'dispatcherServlet'
[2023-08-11 13:26:32:19129][http-nio-8080-exec-1] INFO  o.s.web.servlet.DispatcherServlet - Initializing Servlet 'dispatcherServlet'
[2023-08-11 13:26:32:19130][http-nio-8080-exec-1] INFO  o.s.web.servlet.DispatcherServlet - Completed initialization in 1 ms
[2023-08-11 13:29:19:185890][http-nio-8080-exec-5] INFO  c.e.demo.controller.BoardController - 게시물 목록을 조회합니다.
[2023-08-11 13:33:47:453913][http-nio-8080-exec-8] INFO  c.e.demo.controller.BoardController - 게시물 목록을 조회합니다.
[2023-08-11 13:35:49:575550][http-nio-8080-exec-1] INFO  c.e.demo.controller.BoardController - 게시물 목록을 조회합니다.
[2023-08-11 13:36:12:598900][http-nio-8080-exec-2] INFO  c.e.demo.controller.BoardController - 게시물을 등록합니다.
[2023-08-11 13:37:52:698693][http-nio-8080-exec-5] INFO  c.e.demo.controller.BoardController - 게시물 목록을 조회합니다.
[2023-08-11 13:38:23:730098][http-nio-8080-exec-6] INFO  c.e.demo.controller.BoardController - 게시물을 상세 조회합니다.
[2023-08-11 13:42:48:995053][http-nio-8080-exec-7] INFO  c.e.demo.controller.BoardController - 게시물을 수정합니다.
[2023-08-11 13:43:37:1043721][http-nio-8080-exec-8] INFO  c.e.demo.controller.BoardController - 게시물을 수정합니다.
[2023-08-11 13:44:09:1076120][http-nio-8080-exec-9] INFO  c.e.demo.controller.BoardController - 게시물을 수정합니다.
[2023-08-11 13:44:37:1103463][RMI TCP Connection(29)-127.0.0.1] INFO  o.s.b.a.SpringApplicationAdminMXBeanRegistrar$SpringApplicationAdmin - Application shutdown requested.
[2023-08-11 13:44:37:1103470][RMI TCP Connection(29)-127.0.0.1] INFO  o.a.coyote.http11.Http11NioProtocol - Pausing ProtocolHandler ["http-nio-8080"]
[2023-08-11 13:44:37:1103470][RMI TCP Connection(29)-127.0.0.1] INFO  o.a.catalina.core.StandardService - Stopping service [Tomcat]
[2023-08-11 13:44:37:1103471][RMI TCP Connection(29)-127.0.0.1] INFO  o.a.c.c.C.[Tomcat].[localhost].[/] - Destroying Spring FrameworkServlet 'dispatcherServlet'
[2023-08-11 13:44:37:1103474][RMI TCP Connection(29)-127.0.0.1] INFO  o.a.coyote.http11.Http11NioProtocol - Stopping ProtocolHandler ["http-nio-8080"]
[2023-08-11 13:44:37:1103476][RMI TCP Connection(29)-127.0.0.1] INFO  o.s.o.j.LocalContainerEntityManagerFactoryBean - Closing JPA EntityManagerFactory for persistence unit 'default'
[2023-08-11 13:44:37:1103478][RMI TCP Connection(29)-127.0.0.1] INFO  com.zaxxer.hikari.HikariDataSource - HikariPool-1 - Shutdown initiated...
[2023-08-11 13:44:37:1103481][RMI TCP Connection(29)-127.0.0.1] INFO  com.zaxxer.hikari.HikariDataSource - HikariPool-1 - Shutdown completed.
